<?xml version="1.0" encoding="UTF-8"?>
<!-- Generated by org.testng.reporters.JUnitReportReporter -->
<testsuite hostname="ViMS-PC" name="Basic.redifflogin" tests="2" failures="0" timestamp="3 May 2020 16:03:37 GMT" time="0.001" errors="0">
  <testcase name="logininvalid" time="0.001" classname="Basic.redifflogin"/>
  <testcase name="loginvalid" time="0.000" classname="Basic.redifflogin"/>
</testsuite> <!-- Basic.redifflogin -->
