<?xml version="1.0" encoding="UTF-8"?>
<!-- Generated by org.testng.reporters.JUnitReportReporter -->
<testsuite hostname="ViMS-PC" name="Basic.NewTest" tests="3" failures="0" timestamp="3 May 2020 16:03:37 GMT" time="0.008" errors="0">
  <testcase name="logininvalid" time="0.000" classname="Basic.NewTest"/>
  <testcase name="loginvalid" time="0.001" classname="Basic.NewTest"/>
  <testcase name="loginpwdCheck" time="0.007" classname="Basic.NewTest"/>
</testsuite> <!-- Basic.NewTest -->
