<?xml version="1.0" encoding="UTF-8"?>
<!-- Generated by org.testng.reporters.JUnitReportReporter -->
<testsuite hostname="ViMS-PC" name="com.allure.reports.AllureDemo" tests="2" failures="0" timestamp="27 May 2020 18:06:16 GMT" time="0.447" errors="0">
  <testcase name="validateTitle" time="0.191" classname="com.allure.reports.AllureDemo"/>
  <testcase name="validateSignInLink" time="0.256" classname="com.allure.reports.AllureDemo"/>
</testsuite> <!-- com.allure.reports.AllureDemo -->
